version: (200506)

available memory: 64M bytes
used memory: 344064 bytes [need 336K bytes if disable swap]

used block: 14 [memory(14) file(0)]
                 [ 8K(10) 64K(4) { total 336K bytes } ]
overhead: (9538) bytes for (14) blocks [Average: (681) bytes/block]

write  => 0(times) 0K(bytes) [0K bytes to file]
read   => 4(times) 60K(bytes) [12K bytes compressed data from file]
access => 2777437(times) 21721M(bytes)
          [hit ratio: 99.9999%]

time: write(0) read(0)  unit: second

swap file directory: (/home/a21164_asu/addv/lab2_singlecycle/sim/verdiLog)
used swap file number: (5)



swap file manager:
arrSize: (256)
idxCnt: (6)
closeHead: (1)
closeTail: (5)
openCnt: (5)
fid(5): fd(1073741827) fileName(/home/a21164_asu/addv/lab2_singlecycle/sim/simv.daidir/kdb.elab++/work.lib++/controller.sv.tdc)
	size(3264) lastModTime(1749595485) curModTime(1749595485)
	mode(rb)	hot(0) cool(4) pos(0)
fid(4): fd(1073741826) fileName(/home/a21164_asu/addv/lab2_singlecycle/sim/simv.daidir/kdb.elab++/work.lib++/datapath.sv.tdc)
	size(8908) lastModTime(1749595485) curModTime(1749595485)
	mode(rb)	hot(5) cool(3) pos(0)
fid(3): fd(1073741825) fileName(/home/a21164_asu/addv/lab2_singlecycle/sim/simv.daidir/kdb.elab++/work.lib++/top.sv.tdc)
	size(3581) lastModTime(1749595485) curModTime(1749595485)
	mode(rb)	hot(4) cool(2) pos(0)
fid(2): fd(27) fileName(/home/a21164_asu/addv/lab2_singlecycle/sim/verdiLog/_swap_0001#279747846#127223)
	size(0) lastModTime(0) curModTime(1749595491)
	mode(w+b)	hot(3) cool(1) pos(0)
fid(1): fd(1073741824) fileName(/home/a21164_asu/addv/lab2_singlecycle/sim/simv.daidir/kdb.elab++/work.lib++/mips_tb.sv.tdc)
	size(3662) lastModTime(1749595485) curModTime(1749595485)
	mode(rb)	hot(2) cool(0) pos(0)
fid(0): fd(0) fileName(NULL)
	mode(NULL)	hot(0) cool(0) pos(0)
==================================================
mySelf(0x1aa9a0b0) pre(0x19ab2a70) next((nil))
version(200506)
date(Dec 22 2022 02:33:38)
