version: (200506)

available memory: 64M bytes
used memory: 90112 bytes [need 88K bytes if disable swap]

used block: 4 [memory(4) file(0)]
                 [ 8K(3) 64K(1) { total 88K bytes } ]
overhead: (9538) bytes for (4) blocks [Average: (2384) bytes/block]

write  => 0(times) 0K(bytes) [0K bytes to file]
read   => 1(times) 23K(bytes) [4K bytes compressed data from file]
access => 268554(times) 2103M(bytes)
          [hit ratio: 99.9996%]

time: write(0) read(0)  unit: second

swap file directory: (/home/a21164_asu/addv/lab6/sim/verdiLog)
used swap file number: (1)



swap file manager:
arrSize: (256)
idxCnt: (3)
closeHead: (1)
closeTail: (2)
openCnt: (2)
fid(2): fd(27) fileName(/home/a21164_asu/addv/lab6/sim/verdiLog/_swap_0001#279747846#88699)
	size(0) lastModTime(0) curModTime(1751779302)
	mode(w+b)	hot(0) cool(1) pos(0)
fid(1): fd(1073741824) fileName(/home/a21164_asu/addv/lab6/sim/simv.daidir/kdb.elab++/work.lib++/matmul_with_ram_tb.sv.tdc)
	size(7457) lastModTime(1751779287) curModTime(1751779287)
	mode(rb)	hot(2) cool(0) pos(0)
fid(0): fd(0) fileName(NULL)
	mode(NULL)	hot(0) cool(0) pos(0)
==================================================
mySelf(0x1ae281d0) pre(0x1a329c60) next((nil))
version(200506)
date(Dec 22 2022 02:33:38)
