version: (200506)

available memory: 64M bytes
used memory: 73728 bytes [need 72K bytes if disable swap]

used block: 2 [memory(2) file(0)]
                 [ 8K(1) 64K(1) { total 72K bytes } ]
overhead: (9538) bytes for (2) blocks [Average: (4769) bytes/block]

write  => 0(times) 0K(bytes) [0K bytes to file]
read   => 1(times) 12K(bytes) [1K bytes compressed data from file]
access => 37120(times) 292M(bytes)
          [hit ratio: 99.9973%]

time: write(0) read(0)  unit: second

swap file directory: (/home/a21164_asu/addv/lab1/sim/verdiLog)
used swap file number: (1)



swap file manager:
arrSize: (256)
idxCnt: (3)
closeHead: (1)
closeTail: (2)
openCnt: (2)
fid(2): fd(27) fileName(/home/a21164_asu/addv/lab1/sim/verdiLog/_swap_0001#279747846#135599)
	size(0) lastModTime(0) curModTime(1749244695)
	mode(w+b)	hot(0) cool(1) pos(0)
fid(1): fd(1073741824) fileName(/home/a21164_asu/addv/lab1/sim/simv.daidir/kdb.elab++/work.lib++/fifo_tb.sv.tdc)
	size(3103) lastModTime(1749244690) curModTime(1749244690)
	mode(rb)	hot(2) cool(0) pos(0)
fid(0): fd(0) fileName(NULL)
	mode(NULL)	hot(0) cool(0) pos(0)
==================================================
mySelf(0x1b907c20) pre(0x1a8fbc40) next((nil))
version(200506)
date(Dec 22 2022 02:33:38)
