                         Chronologic VCS (TM)
      Version T-2022.06-SP2-1_Full64 -- Wed Jun 18 22:56:06 2025

                    Copyright (c) 1991 - 2023 Synopsys, Inc.
   This software and the associated documentation are proprietary to Synopsys,
 Inc. This software may only be used in accordance with the terms and conditions
 of a written license agreement with Synopsys, Inc. All other use, reproduction,
   or distribution of this software is strictly prohibited.  Licensed Products
     communicate with Synopsys servers for the purpose of providing software
    updates, detecting software piracy and verifying that customers are using
    Licensed Products in conformity with the applicable License Key for such
  Licensed Products. Synopsys will use information gathered in connection with
    this process to deliver software updates and pursue software pirates and
                                   infringers.

 Inclusivity & Diversity - Visit SolvNetPlus to read the "Synopsys Statement on
            Inclusivity and Diversity" (Refer to article 000036315 at
                        https://solvnetplus.synopsys.com)

Warning : License for product VCS-BASE-COMPILE(946) will expire within 1 days, on: 18-jun-2025.

If you would like to temporarily disable this message, set 
 the VCS_LIC_EXPIRE_WARNING environment variable to the number of days
before expiration that you want this message to start (the minimum is 0).
Parsing design file '../matmul.sv'
Parsing design file '../matmul_with_ram.sv'
Parsing design file '../matmul_with_ram_tb.sv'
Top Level Modules:
       matmul_tb
TimeScale is 1 ns / 1 ps

Warning-[TFIPC] Too few instance port connections
../matmul_with_ram_tb.sv, 11
matmul_tb, "matrix_multiplication u_matmul( .clk (clk),  .resetn (resetn),  .pe_resetn (pe_resetn),  .address_mat_a (10'b0),  .address_mat_b (10'b0),  .address_mat_c (10'b0),  .address_stride_a (8'b1),  .address_stride_b (8'b1),  .address_stride_c (8'b1),  .start (start),  .done (done));"
  The above instance has fewer port connections than the module definition.
  Please use '+lint=TFIPC-L' to print out detailed information of unconnected 
  ports.

Starting vcs inline pass...

1 module and 0 UDP read.
	However, due to incremental compilation, no re-compilation is necessary.
Warning : License for product VCS-BASE-COMPILE(946) will expire within 1 days, on: 18-jun-2025.

If you would like to temporarily disable this message, set 
 the VCS_LIC_EXPIRE_WARNING environment variable to the number of days
before expiration that you want this message to start (the minimum is 0).
make[1]: Entering directory '/home/a21164_asu/addv/lab3_pleasegod/sim/csrc'
make[1]: Leaving directory '/home/a21164_asu/addv/lab3_pleasegod/sim/csrc'
/usr/local2/synopsys/vcs_2022.06/bin/vcs: line 34601: 118539 Segmentation fault      (core dumped) ${TOOL_HOME}/bin/cfs_ident_exec -f ${XML_INPUT_EXE} -o "${fsearchDir}/idents_tapi.xml" -o_SrcFile "${dirSrcFiles}/src_files_c" ${all_dyn_libs} > tapi_xml_writer.log
make[1]: Entering directory '/home/a21164_asu/addv/lab3_pleasegod/sim/csrc'
rm -f _cuarc*.so _csrc*.so pre_vcsobj_*.so share_vcsobj_*.so
if [ -x ../simv ]; then chmod a-x ../simv; fi
g++  -o ../simv      -rdynamic  -Wl,-rpath='$ORIGIN'/simv.daidir -Wl,-rpath=./simv.daidir -Wl,-rpath=/usr/local2/synopsys/vcs_2022.06/linux64/lib -L/usr/local2/synopsys/vcs_2022.06/linux64/lib  -Wl,-rpath-link=./  /usr/lib64/libnuma.so.1   objs/amcQw_d.o   _118377_archive_1.so _prev_archive_1.so  SIM_l.o      rmapats_mop.o rmapats.o rmar.o rmar_nd.o  rmar_llvm_0_1.o rmar_llvm_0_0.o            -lvirsim -lerrorinf -lsnpsmalloc -lvfs    -lvcsnew -lsimprofile -luclinative /usr/local2/synopsys/vcs_2022.06/linux64/lib/vcs_tls.o   -Wl,-whole-archive  -lvcsucli    -Wl,-no-whole-archive        _vcs_pli_stub_.o   /usr/local2/synopsys/vcs_2022.06/linux64/lib/vcs_save_restore_new.o /usr/local2/synopsys/verdi_2022.06/verdi/T-2022.06-SP2-1/share/PLI/VCS/LINUX64/pli.a -ldl  -lc -lm -lpthread -ldl 
../simv up to date
make[1]: Leaving directory '/home/a21164_asu/addv/lab3_pleasegod/sim/csrc'
Chronologic VCS simulator copyright 1991-2022
Contains Synopsys proprietary information.
Compiler version T-2022.06-SP2-1_Full64; Runtime version T-2022.06-SP2-1_Full64;  Jun 18 22:56 2025
Warning : License for product VCS-BASE-RUNTIME(947) will expire within 1 days, on: 18-jun-2025.

If you would like to temporarily disable this message, set 
 the VCS_LIC_EXPIRE_WARNING environment variable to the number of days
before expiration that you want this message to start (the minimum is 0).
*Verdi* Loading libsscore_vcs202206.so
FSDB Dumper for VCS, Release Verdi_T-2022.06-SP2-1, Linux x86_64/64bit, 01/12/2023
(C) 1996 - 2023 by Synopsys, Inc.
*Verdi* : Create FSDB file 'novas.fsdb'
*Verdi* : Begin traversing the scopes, layer (0).
*Verdi* : End of traversing.
$finish called from file "../matmul_with_ram_tb.sv", line 54.
$finish at simulation time               610000
           V C S   S i m u l a t i o n   R e p o r t 
Time: 610000 ps
CPU Time:      0.190 seconds;       Data structure size:   0.1Mb
Wed Jun 18 22:56:09 2025
CPU time: .209 seconds to compile + .196 seconds to elab + .207 seconds to link + .207 seconds in simulation
