version: (200506)

available memory: 64M bytes
used memory: 73728 bytes [need 72K bytes if disable swap]

used block: 2 [memory(2) file(0)]
                 [ 8K(1) 64K(1) { total 72K bytes } ]
overhead: (9538) bytes for (2) blocks [Average: (4769) bytes/block]

write  => 0(times) 0K(bytes) [0K bytes to file]
read   => 1(times) 10K(bytes) [2K bytes compressed data from file]
access => 41256(times) 325M(bytes)
          [hit ratio: 99.9976%]

time: write(0) read(0)  unit: second

swap file directory: (/home/a21164_asu/addv/kylepipe/sim/verdiLog)
used swap file number: (1)



swap file manager:
arrSize: (256)
idxCnt: (3)
closeHead: (1)
closeTail: (2)
openCnt: (2)
fid(2): fd(27) fileName(/home/a21164_asu/addv/kylepipe/sim/verdiLog/_swap_0001#279747846#504065)
	size(0) lastModTime(0) curModTime(1749531563)
	mode(w+b)	hot(0) cool(1) pos(0)
fid(1): fd(1073741824) fileName(/home/a21164_asu/addv/kylepipe/sim/simv.daidir/kdb.elab++/work.lib++/mips_tb.sv.tdc)
	size(3653) lastModTime(1749531557) curModTime(1749531557)
	mode(rb)	hot(2) cool(0) pos(0)
fid(0): fd(0) fileName(NULL)
	mode(NULL)	hot(0) cool(0) pos(0)
==================================================
mySelf(0x1a8f5010) pre(0x1990d7b0) next((nil))
version(200506)
date(Dec 22 2022 02:33:38)
