version: (200506)

available memory: 64M bytes
used memory: 90112 bytes [need 88K bytes if disable swap]

used block: 4 [memory(4) file(0)]
                 [ 8K(3) 64K(1) { total 88K bytes } ]
overhead: (9538) bytes for (4) blocks [Average: (2384) bytes/block]

write  => 0(times) 0K(bytes) [0K bytes to file]
read   => 1(times) 26K(bytes) [2K bytes compressed data from file]
access => 74146(times) 585M(bytes)
          [hit ratio: 99.9987%]

time: write(0) read(0)  unit: second

swap file directory: (/home/a21164_asu/addv/lab4/sim/verdiLog)
used swap file number: (1)



swap file manager:
arrSize: (256)
idxCnt: (3)
closeHead: (1)
closeTail: (2)
openCnt: (2)
fid(2): fd(27) fileName(/home/a21164_asu/addv/lab4/sim/verdiLog/_swap_0001#279747846#56686)
	size(0) lastModTime(0) curModTime(1750631238)
	mode(w+b)	hot(0) cool(1) pos(0)
fid(1): fd(1073741824) fileName(/home/a21164_asu/addv/lab4/sim/simv.daidir/kdb.elab++/work.lib++/fifo_tb.sv.tdc)
	size(5408) lastModTime(1750631233) curModTime(1750631233)
	mode(rb)	hot(2) cool(0) pos(0)
fid(0): fd(0) fileName(NULL)
	mode(NULL)	hot(0) cool(0) pos(0)
==================================================
mySelf(0x1a1547a0) pre(0x191aa020) next((nil))
version(200506)
date(Dec 22 2022 02:33:38)
